c:\users\maria\documents\grafika\solarsystem\solarsystem\x64\debug\vc143.pdb
c:\users\maria\documents\grafika\solarsystem\solarsystem\x64\debug\vc143.idb
c:\users\maria\documents\grafika\solarsystem\solarsystem\x64\debug\glad.obj
c:\users\maria\documents\grafika\solarsystem\solarsystem\x64\debug\stb.obj
c:\users\maria\documents\grafika\solarsystem\solarsystem\x64\debug\screen.obj
c:\users\maria\documents\grafika\solarsystem\solarsystem\x64\debug\keyboard.obj
c:\users\maria\documents\grafika\solarsystem\solarsystem\x64\debug\camera.obj
c:\users\maria\documents\grafika\solarsystem\solarsystem\x64\debug\main.obj
c:\users\maria\documents\grafika\solarsystem\solarsystem\x64\debug\texture.obj
c:\users\maria\documents\grafika\solarsystem\solarsystem\x64\debug\shader.obj
c:\users\maria\documents\grafika\solarsystem\solarsystem\x64\debug\model.obj
c:\users\maria\documents\grafika\solarsystem\solarsystem\x64\debug\mesh.obj
c:\users\maria\documents\grafika\solarsystem\solarsystem\x64\debug\material.obj
c:\users\maria\documents\grafika\solarsystem\solarsystem\x64\debug\light.obj
c:\users\maria\documents\grafika\solarsystem\solarsystem\x64\debug\solarsystem.ilk
c:\users\maria\documents\grafika\solarsystem\x64\debug\solarsystem.exe
c:\users\maria\documents\grafika\solarsystem\x64\debug\solarsystem.pdb
c:\users\maria\documents\grafika\solarsystem\solarsystem\x64\debug\solarsystem.tlog\cl.command.1.tlog
c:\users\maria\documents\grafika\solarsystem\solarsystem\x64\debug\solarsystem.tlog\cl.read.1.tlog
c:\users\maria\documents\grafika\solarsystem\solarsystem\x64\debug\solarsystem.tlog\cl.write.1.tlog
c:\users\maria\documents\grafika\solarsystem\solarsystem\x64\debug\solarsystem.tlog\link.command.1.tlog
c:\users\maria\documents\grafika\solarsystem\solarsystem\x64\debug\solarsystem.tlog\link.read.1.tlog
c:\users\maria\documents\grafika\solarsystem\solarsystem\x64\debug\solarsystem.tlog\link.write.1.tlog
